<?xml version="1.0" encoding="UTF-8"?>
<!-- Generated by org.testng.reporters.JUnitReportReporter -->
<testsuite hostname="Ram" failures="0" tests="1" name="testngpackage.demoscreenshot" time="2.775" errors="0" timestamp="2025-07-30T20:02:09 IST" skipped="0">
  <testcase classname="testngpackage.demoscreenshot" name="screenshot" time="2.775"/>
</testsuite> <!-- testngpackage.demoscreenshot -->
