<?xml version="1.0" encoding="UTF-8"?>
<!-- Generated by org.testng.reporters.JUnitReportReporter -->
<testsuite hostname="Ram" failures="0" tests="1" name="implementationOfTestNG.createCampaignWithExpDate" time="9.958" errors="0" timestamp="2025-07-28T17:10:47 IST" skipped="0">
  <testcase classname="implementationOfTestNG.createCampaignWithExpDate" name="createCampaignWithExpDate" time="9.958"/>
</testsuite> <!-- implementationOfTestNG.createCampaignWithExpDate -->
