<?xml version="1.0" encoding="UTF-8"?>
<!-- Generated by org.testng.reporters.JUnitReportReporter -->
<testsuite hostname="Ram" failures="0" tests="4" name="testngpackage.Dataprovider" time="0.013" errors="0" timestamp="2025-07-25T19:35:39 IST" skipped="0">
  <testcase classname="testngpackage.Dataprovider" name="login" time="0.002"/>
  <testcase classname="testngpackage.Dataprovider" name="login" time="0.001"/>
  <testcase classname="testngpackage.Dataprovider" name="login" time="0.001"/>
  <testcase classname="testngpackage.Dataprovider" name="login" time="0.009"/>
</testsuite> <!-- testngpackage.Dataprovider -->
