<?xml version="1.0" encoding="UTF-8"?>
<!-- Generated by org.testng.reporters.JUnitReportReporter -->
<testsuite hostname="Ram" failures="0" tests="1" name="implementationOfTestNG.createCampaignWithStatus" time="8.190" errors="0" timestamp="2025-07-28T17:00:24 IST" skipped="0">
  <testcase classname="implementationOfTestNG.createCampaignWithStatus" name="createCampaignWithStatus" time="8.190"/>
</testsuite> <!-- implementationOfTestNG.createCampaignWithStatus -->
