<?xml version="1.0" encoding="UTF-8"?>
<!-- Generated by org.testng.reporters.JUnitReportReporter -->
<testsuite hostname="Ram" failures="0" tests="3" name="testngpackage.DependsOn" time="0.011" errors="0" timestamp="2025-07-24T20:02:13 IST" skipped="0">
  <testcase classname="testngpackage.DependsOn" name="addCart" time="0.009">
    <system-out>
      <![CDATA[added]]>
    </system-out>
  </testcase> <!-- addCart -->
  <testcase classname="testngpackage.DependsOn" name="deleteCart" time="0.001">
    <system-out>
      <![CDATA[deleted]]>
    </system-out>
  </testcase> <!-- deleteCart -->
  <testcase classname="testngpackage.DependsOn" name="editCart" time="0.001">
    <system-out>
      <![CDATA[editted]]>
    </system-out>
  </testcase> <!-- editCart -->
  <system-out>
    <![CDATA[added
editted
deleted]]>
  </system-out>
</testsuite> <!-- testngpackage.DependsOn -->
