<?xml version="1.0" encoding="UTF-8"?>
<!-- Generated by org.testng.reporters.JUnitReportReporter -->
<testsuite hostname="Ram" failures="0" tests="1" name="implementationOfTestNG.createProductWithMandatoryFields" time="8.538" errors="0" timestamp="2025-07-28T17:16:31 IST" skipped="0">
  <testcase classname="implementationOfTestNG.createProductWithMandatoryFields" name="createProductWithMandatoryFields" time="8.538"/>
</testsuite> <!-- implementationOfTestNG.createProductWithMandatoryFields -->
