<?xml version="1.0" encoding="UTF-8"?>
<!-- Generated by org.testng.reporters.JUnitReportReporter -->
<testsuite hostname="Ram" failures="0" tests="3" name="testngpackage.InvocationCount" time="21.000" errors="0" timestamp="2025-07-24T19:29:53 IST" skipped="0">
  <testcase classname="testngpackage.InvocationCount" name="login" time="3.139"/>
  <testcase classname="testngpackage.InvocationCount" name="login" time="3.272"/>
  <testcase classname="testngpackage.InvocationCount" name="login" time="14.589"/>
</testsuite> <!-- testngpackage.InvocationCount -->
