<?xml version="1.0" encoding="UTF-8"?>
<!-- Generated by org.testng.reporters.JUnitReportReporter -->
<testsuite hostname="Ram" failures="0" tests="10" name="testngpackage.ThreadPoolSize" time="34.401" errors="0" timestamp="2025-07-24T19:44:58 IST" skipped="0">
  <testcase classname="testngpackage.ThreadPoolSize" name="login" time="3.973"/>
  <testcase classname="testngpackage.ThreadPoolSize" name="login" time="3.529"/>
  <testcase classname="testngpackage.ThreadPoolSize" name="login" time="3.258"/>
  <testcase classname="testngpackage.ThreadPoolSize" name="login" time="3.299"/>
  <testcase classname="testngpackage.ThreadPoolSize" name="login" time="3.454"/>
  <testcase classname="testngpackage.ThreadPoolSize" name="login" time="3.130"/>
  <testcase classname="testngpackage.ThreadPoolSize" name="login" time="3.206"/>
  <testcase classname="testngpackage.ThreadPoolSize" name="login" time="3.973"/>
  <testcase classname="testngpackage.ThreadPoolSize" name="login" time="3.278"/>
  <testcase classname="testngpackage.ThreadPoolSize" name="login" time="3.301"/>
</testsuite> <!-- testngpackage.ThreadPoolSize -->
