<?xml version="1.0" encoding="UTF-8"?>
<!-- Generated by org.testng.reporters.JUnitReportReporter -->
<testsuite hostname="Ram" failures="0" tests="1" name="implementationOfTestNG.CreateCampaignWithMandatoryFields" time="9.879" errors="0" timestamp="2025-07-28T16:58:25 IST" skipped="0">
  <testcase classname="implementationOfTestNG.CreateCampaignWithMandatoryFields" name="createCampaignWithMandatoryFields" time="9.879"/>
</testsuite> <!-- implementationOfTestNG.CreateCampaignWithMandatoryFields -->
