<?xml version="1.0" encoding="UTF-8"?>
<!-- Generated by org.testng.reporters.JUnitReportReporter -->
<testsuite hostname="Ram" failures="0" tests="3" name="testngpackage.Enabled" time="0.013" errors="0" timestamp="2025-07-24T19:51:39 IST" skipped="1">
  <testcase classname="testngpackage.Enabled" name="sum" time="0.001">
    <system-out>
      <![CDATA[sum]]>
    </system-out>
  </testcase> <!-- sum -->
  <testcase classname="testngpackage.Enabled" name="diff" time="0.012">
    <system-out>
      <![CDATA[diff]]>
    </system-out>
  </testcase> <!-- diff -->
  <testcase classname="testngpackage.Enabled" name="prod">
    <skipped/>
  </testcase> <!-- prod -->
  <system-out>
    <![CDATA[diff
sum]]>
  </system-out>
</testsuite> <!-- testngpackage.Enabled -->
