<?xml version="1.0" encoding="UTF-8"?>
<!-- Generated by org.testng.reporters.JUnitReportReporter -->
<testsuite hostname="Ram" failures="0" tests="3" name="testngpackage.Priority" time="0.014" errors="0" timestamp="2025-07-24T19:23:38 IST" skipped="0">
  <testcase classname="testngpackage.Priority" name="div" time="0.012">
    <system-out>
      <![CDATA[div]]>
    </system-out>
  </testcase> <!-- div -->
  <testcase classname="testngpackage.Priority" name="sub" time="0.001">
    <system-out>
      <![CDATA[sub]]>
    </system-out>
  </testcase> <!-- sub -->
  <testcase classname="testngpackage.Priority" name="add" time="0.001">
    <system-out>
      <![CDATA[add]]>
    </system-out>
  </testcase> <!-- add -->
  <system-out>
    <![CDATA[div
sub
add]]>
  </system-out>
</testsuite> <!-- testngpackage.Priority -->
