<?xml version="1.0" encoding="UTF-8"?>
<!-- Generated by org.testng.reporters.JUnitReportReporter -->
<testsuite hostname="Ram" failures="0" tests="5" name="testngpackage.Demo" time="0.015" errors="0" timestamp="2025-07-23T20:35:27 IST" skipped="0">
  <testcase classname="testngpackage.Demo" name="a16" time="0.001">
    <system-out>
      <![CDATA[a16 executed]]>
    </system-out>
  </testcase> <!-- a16 -->
  <testcase classname="testngpackage.Demo" name="b24" time="0.002">
    <system-out>
      <![CDATA[b24 executed]]>
    </system-out>
  </testcase> <!-- b24 -->
  <testcase classname="testngpackage.Demo" name="b32" time="0.001">
    <system-out>
      <![CDATA[b32 executed]]>
    </system-out>
  </testcase> <!-- b32 -->
  <testcase classname="testngpackage.Demo" name="a11" time="0.009">
    <system-out>
      <![CDATA[a11 executed]]>
    </system-out>
  </testcase> <!-- a11 -->
  <testcase classname="testngpackage.Demo" name="a23" time="0.002">
    <system-out>
      <![CDATA[a23 executed]]>
    </system-out>
  </testcase> <!-- a23 -->
  <system-out>
    <![CDATA[a11 executed
a16 executed
a23 executed
b24 executed
b32 executed]]>
  </system-out>
</testsuite> <!-- testngpackage.Demo -->
