<?xml version="1.0" encoding="UTF-8"?>
<!-- Generated by org.testng.reporters.JUnitReportReporter -->
<testsuite hostname="Ram" failures="0" tests="1" name="testngpackage.ConfigurationAnnot" time="0.008" errors="0" timestamp="2025-07-25T20:04:10 IST" skipped="0">
  <testcase classname="testngpackage.ConfigurationAnnot" name="demo" time="0.008"/>
</testsuite> <!-- testngpackage.ConfigurationAnnot -->
